<?xml version="1.0" encoding="utf-8"?><testsuites><testsuite name="pytest" errors="0" failures="0" skipped="0" tests="5" time="0.101" timestamp="2025-03-16T18:24:20.120037-03:00" hostname="Pc_Arthur"><testcase classname="tests.test_bytebank.TestClass" name="test_quando_idade_recebe_15_12_2003_deve_retornar_22" time="0.003" /><testcase classname="tests.test_bytebank.TestClass" name="test_quando_nome_recebe_neymar_santos_silva_deve_retornar_silva" time="0.001" /><testcase classname="tests.test_bytebank.TestClass" name="test_quando_decrescimo_salario_recebe_100000_deve_retornar_90000" time="0.001" /><testcase classname="tests.test_bytebank.TestClass" name="test_quando_calcular_bonus_recebe_1000_deve_retornar_100" time="0.001" /><testcase classname="tests.test_bytebank.TestClass" name="test_quando_calcular_bonus_recebe_1000000_deve_retornar_exception" time="0.002" /></testsuite></testsuites>